{
  "stats": {
    "suites": 1,
    "tests": 1,
    "passes": 1,
    "pending": 0,
    "failures": 0,
    "start": "2024-03-26T11:49:26.469Z",
    "end": "2024-03-26T11:49:28.738Z",
    "duration": 2269,
    "testsRegistered": 1,
    "passPercent": 100,
    "pendingPercent": 0,
    "other": 0,
    "hasOther": false,
    "skipped": 0,
    "hasSkipped": false
  },
  "results": [
    {
      "uuid": "16ead975-c6eb-4657-bffa-8d8757148771",
      "title": "",
      "fullFile": "cypress/e2e/tests/modals/popupOverPageTest.js",
      "file": "cypress/e2e/tests/modals/popupOverPageTest.js",
      "beforeHooks": [],
      "afterHooks": [],
      "tests": [],
      "suites": [
        {
          "uuid": "e52f3236-64d3-4297-af2d-a44222ab4122",
          "title": "popover position tests",
          "fullFile": "",
          "file": "",
          "beforeHooks": [],
          "afterHooks": [],
          "tests": [
            {
              "title": "Test to click on left popup button",
              "fullTitle": "popover position tests Test to click on left popup button",
              "timedOut": null,
              "duration": 2231,
              "state": "passed",
              "speed": "fast",
              "pass": true,
              "fail": false,
              "pending": false,
              "context": null,
              "code": "_popupOverPage.onPopupOverPage.hoverOnLeftButton();\n_popupOverPage.onPopupOverPage.element.hoverMessage().should('be.visible');",
              "err": {},
              "uuid": "4a871bc6-bb21-4cc5-89a5-67722abbb28f",
              "parentUUID": "e52f3236-64d3-4297-af2d-a44222ab4122",
              "isHook": false,
              "skipped": false
            }
          ],
          "suites": [],
          "passes": [
            "4a871bc6-bb21-4cc5-89a5-67722abbb28f"
          ],
          "failures": [],
          "pending": [],
          "skipped": [],
          "duration": 2231,
          "root": false,
          "rootEmpty": false,
          "_timeout": 2000
        }
      ],
      "passes": [],
      "failures": [],
      "pending": [],
      "skipped": [],
      "duration": 0,
      "root": true,
      "rootEmpty": true,
      "_timeout": 2000
    }
  ],
  "meta": {
    "mocha": {
      "version": "7.0.1"
    },
    "mochawesome": {
      "options": {
        "quiet": false,
        "reportFilename": "mochawesome",
        "saveHtml": false,
        "saveJson": true,
        "consoleReporter": "spec",
        "useInlineDiffs": false,
        "code": true
      },
      "version": "7.1.3"
    },
    "marge": {
      "options": {
        "id": "default",
        "reportDir": "cypress/results/mochawesome",
        "overwrite": false,
        "html": false,
        "json": true
      },
      "version": "6.2.0"
    }
  }
}