{
  "stats": {
    "suites": 1,
    "tests": 1,
    "passes": 1,
    "pending": 0,
    "failures": 0,
    "start": "2024-03-26T11:48:45.384Z",
    "end": "2024-03-26T11:48:54.543Z",
    "duration": 9159,
    "testsRegistered": 1,
    "passPercent": 100,
    "pendingPercent": 0,
    "other": 0,
    "hasOther": false,
    "skipped": 0,
    "hasSkipped": false
  },
  "results": [
    {
      "uuid": "9f06507b-f140-44e6-9b51-a1678d26c8db",
      "title": "",
      "fullFile": "cypress/e2e/tests/navigatePageTest.js",
      "file": "cypress/e2e/tests/navigatePageTest.js",
      "beforeHooks": [],
      "afterHooks": [],
      "tests": [],
      "suites": [
        {
          "uuid": "b724016e-c055-4cb1-9b4f-30d6981be8d2",
          "title": "Test to navigate to all sub-menus",
          "fullFile": "",
          "file": "",
          "beforeHooks": [],
          "afterHooks": [],
          "tests": [
            {
              "title": "Navigate to main and sub-menus",
              "fullTitle": "Test to navigate to all sub-menus Navigate to main and sub-menus",
              "timedOut": null,
              "duration": 9107,
              "state": "passed",
              "speed": "medium",
              "pass": true,
              "fail": false,
              "pending": false,
              "context": null,
              "code": "_navigationpage.navigateTo.formLayoutPage();\n_navigationpage.navigateTo.datePickerPage();\n_navigationpage.navigateTo.dialogModelPage();\n_navigationpage.navigateTo.windowModelPage();\n_navigationpage.navigateTo.popupModelPage();\n_navigationpage.navigateTo.toasterModelPage();\n_navigationpage.navigateTo.tooltipModelPage();\n_navigationpage.navigateTo.calanderPage();\n_navigationpage.navigateTo.smartTablePage();\n_navigationpage.navigateTo.treeGridPage();\n_navigationpage.navigateTo.loginAuthPage();\n_navigationpage.navigateTo.registerAuthPage();\n_navigationpage.navigateTo.requestPasswordPage();\n_navigationpage.navigateTo.resetPasswordPage();",
              "err": {},
              "uuid": "8cf03fc2-ffa0-4734-bd2c-c3fd44568c67",
              "parentUUID": "b724016e-c055-4cb1-9b4f-30d6981be8d2",
              "isHook": false,
              "skipped": false
            }
          ],
          "suites": [],
          "passes": [
            "8cf03fc2-ffa0-4734-bd2c-c3fd44568c67"
          ],
          "failures": [],
          "pending": [],
          "skipped": [],
          "duration": 9107,
          "root": false,
          "rootEmpty": false,
          "_timeout": 2000
        }
      ],
      "passes": [],
      "failures": [],
      "pending": [],
      "skipped": [],
      "duration": 0,
      "root": true,
      "rootEmpty": true,
      "_timeout": 2000
    }
  ],
  "meta": {
    "mocha": {
      "version": "7.0.1"
    },
    "mochawesome": {
      "options": {
        "quiet": false,
        "reportFilename": "mochawesome",
        "saveHtml": false,
        "saveJson": true,
        "consoleReporter": "spec",
        "useInlineDiffs": false,
        "code": true
      },
      "version": "7.1.3"
    },
    "marge": {
      "options": {
        "id": "default",
        "reportDir": "cypress/results/mochawesome",
        "overwrite": false,
        "html": false,
        "json": true
      },
      "version": "6.2.0"
    }
  }
}