{
  "stats": {
    "suites": 1,
    "tests": 2,
    "passes": 2,
    "pending": 0,
    "failures": 0,
    "start": "2024-03-26T11:49:05.821Z",
    "end": "2024-03-26T11:49:10.304Z",
    "duration": 4483,
    "testsRegistered": 2,
    "passPercent": 100,
    "pendingPercent": 0,
    "other": 0,
    "hasOther": false,
    "skipped": 0,
    "hasSkipped": false
  },
  "results": [
    {
      "uuid": "792b5980-4660-43db-abd8-37772e74c872",
      "title": "",
      "fullFile": "cypress/e2e/tests/forms/datePickerPageTest.js",
      "file": "cypress/e2e/tests/forms/datePickerPageTest.js",
      "beforeHooks": [],
      "afterHooks": [],
      "tests": [],
      "suites": [
        {
          "uuid": "1639b4ee-e827-4ff5-88ab-a9877e8de202",
          "title": "datepciker page tests",
          "fullFile": "",
          "file": "",
          "beforeHooks": [],
          "afterHooks": [],
          "tests": [
            {
              "title": "select single date from datepicker option",
              "fullTitle": "datepciker page tests select single date from datepicker option",
              "timedOut": null,
              "duration": 2542,
              "state": "passed",
              "speed": "fast",
              "pass": true,
              "fail": false,
              "pending": false,
              "context": null,
              "code": "const day = 19;\n_datePickerPage.onDatePickerPage.selectCommonDatePicker(day);\ncy.getSelectedDate('Form Picker').as('value');\ncy.getFormattedDate(day).as('expectedDate');\ncy.get('@value').then(value => {\n  cy.get('@expectedDate').should('contain', value);\n});",
              "err": {},
              "uuid": "bd8864ef-c654-4056-85e1-3454a8a83e5d",
              "parentUUID": "1639b4ee-e827-4ff5-88ab-a9877e8de202",
              "isHook": false,
              "skipped": false
            },
            {
              "title": "select date range from datepicker range",
              "fullTitle": "datepciker page tests select date range from datepicker range",
              "timedOut": null,
              "duration": 1825,
              "state": "passed",
              "speed": "fast",
              "pass": true,
              "fail": false,
              "pending": false,
              "context": null,
              "code": "const day1 = 10;\nconst day2 = 20;\n_datePickerPage.onDatePickerPage.seletRangeDatePicker(day1, day2);",
              "err": {},
              "uuid": "b2a006f9-ebde-4269-959b-0ebf2d302009",
              "parentUUID": "1639b4ee-e827-4ff5-88ab-a9877e8de202",
              "isHook": false,
              "skipped": false
            }
          ],
          "suites": [],
          "passes": [
            "bd8864ef-c654-4056-85e1-3454a8a83e5d",
            "b2a006f9-ebde-4269-959b-0ebf2d302009"
          ],
          "failures": [],
          "pending": [],
          "skipped": [],
          "duration": 4367,
          "root": false,
          "rootEmpty": false,
          "_timeout": 2000
        }
      ],
      "passes": [],
      "failures": [],
      "pending": [],
      "skipped": [],
      "duration": 0,
      "root": true,
      "rootEmpty": true,
      "_timeout": 2000
    }
  ],
  "meta": {
    "mocha": {
      "version": "7.0.1"
    },
    "mochawesome": {
      "options": {
        "quiet": false,
        "reportFilename": "mochawesome",
        "saveHtml": false,
        "saveJson": true,
        "consoleReporter": "spec",
        "useInlineDiffs": false,
        "code": true
      },
      "version": "7.1.3"
    },
    "marge": {
      "options": {
        "id": "default",
        "reportDir": "cypress/results/mochawesome",
        "overwrite": false,
        "html": false,
        "json": true
      },
      "version": "6.2.0"
    }
  }
}