{
  "stats": {
    "suites": 1,
    "tests": 1,
    "passes": 1,
    "pending": 0,
    "failures": 0,
    "start": "2024-03-26T11:49:22.823Z",
    "end": "2024-03-26T11:49:24.999Z",
    "duration": 2176,
    "testsRegistered": 1,
    "passPercent": 100,
    "pendingPercent": 0,
    "other": 0,
    "hasOther": false,
    "skipped": 0,
    "hasSkipped": false
  },
  "results": [
    {
      "uuid": "cfefd484-9025-4fc9-8763-4848bb32d1d6",
      "title": "",
      "fullFile": "cypress/e2e/tests/modals/dialogModelTest.js",
      "file": "cypress/e2e/tests/modals/dialogModelTest.js",
      "beforeHooks": [],
      "afterHooks": [],
      "tests": [],
      "suites": [
        {
          "uuid": "930e58c4-02ca-4904-9826-594f99c81e68",
          "title": "Dialog specific test",
          "fullFile": "",
          "file": "",
          "beforeHooks": [],
          "afterHooks": [],
          "tests": [
            {
              "title": "Open dialog with component",
              "fullTitle": "Dialog specific test Open dialog with component",
              "timedOut": null,
              "duration": 2138,
              "state": "passed",
              "speed": "fast",
              "pass": true,
              "fail": false,
              "pending": false,
              "context": null,
              "code": "_dialogModalPage.onDialogModalPage.openDialogWithComponent();\n_dialogModalPage.onDialogModalPage.elements.isdialgBoxVisible().should('be.visible');\n_dialogModalPage.onDialogModalPage.dismissDialogBox();",
              "err": {},
              "uuid": "489c392b-7c03-4f04-88eb-439cb1b1f749",
              "parentUUID": "930e58c4-02ca-4904-9826-594f99c81e68",
              "isHook": false,
              "skipped": false
            }
          ],
          "suites": [],
          "passes": [
            "489c392b-7c03-4f04-88eb-439cb1b1f749"
          ],
          "failures": [],
          "pending": [],
          "skipped": [],
          "duration": 2138,
          "root": false,
          "rootEmpty": false,
          "_timeout": 2000
        }
      ],
      "passes": [],
      "failures": [],
      "pending": [],
      "skipped": [],
      "duration": 0,
      "root": true,
      "rootEmpty": true,
      "_timeout": 2000
    }
  ],
  "meta": {
    "mocha": {
      "version": "7.0.1"
    },
    "mochawesome": {
      "options": {
        "quiet": false,
        "reportFilename": "mochawesome",
        "saveHtml": false,
        "saveJson": true,
        "consoleReporter": "spec",
        "useInlineDiffs": false,
        "code": true
      },
      "version": "7.1.3"
    },
    "marge": {
      "options": {
        "id": "default",
        "reportDir": "cypress/results/mochawesome",
        "overwrite": false,
        "html": false,
        "json": true
      },
      "version": "6.2.0"
    }
  }
}