<?xml version="1.0" encoding="UTF-8"?>
<testsuites name="Mocha Tests" time="2.269" tests="1" failures="0">
  <testsuite name="Root Suite" timestamp="2024-03-26T11:49:26" tests="0" file="cypress/e2e/tests/modals/popupOverPageTest.js" time="0.000" failures="0">
  </testsuite>
  <testsuite name="popover position tests" timestamp="2024-03-26T11:49:26" tests="1" time="2.265" failures="0">
    <testcase name="popover position tests Test to click on left popup button" time="2.231" classname="Test to click on left popup button">
    </testcase>
  </testsuite>
</testsuites>